<?xml version="1.0" encoding="UTF-8"?>
<!-- Generated by org.testng.reporters.JUnitXMLReporter -->
<testsuite ignored="0" hostname="LTIN514801" failures="0" tests="30" name="chromeTest" time="0.423" errors="0" timestamp="2024-08-01T13:35:31 IST">
  <testcase classname="BaseClass.Driver" name="@BeforeClass setup" time="-1.722499531528E9">
    <failure type="org.testng.TestNGException" message="
Can inject only one of &amp;lt;ITestContext, XmlTest&amp;gt; into a @BeforeClass annotated setup.
For more information on native dependency injection please refer to https://testng.org/doc/documentation-main.html#native-dependency-injection">
      <![CDATA[org.testng.TestNGException: 
Can inject only one of <ITestContext, XmlTest> into a @BeforeClass annotated setup.
For more information on native dependency injection please refer to https://testng.org/doc/documentation-main.html#native-dependency-injection
at java.base/java.util.ArrayList.forEach(ArrayList.java:1511)
... Removed 22 stack frames]]>
    </failure>
  </testcase> <!-- @BeforeClass setup -->
  <testcase classname="BaseClass.Driver" name="@AfterClass tearDown" time="-1.722499531659E9">
    <skipped/>
  </testcase> <!-- @AfterClass tearDown -->
  <testcase classname="TestCases.Combined" name="Car_Loan" time="0.0">
    <skipped/>
  </testcase> <!-- Car_Loan -->
  <testcase classname="TestCases.Combined" name="Principal" time="0.0">
    <skipped/>
  </testcase> <!-- Principal -->
  <testcase classname="TestCases.Combined" name="Interest" time="0.0">
    <skipped/>
  </testcase> <!-- Interest -->
  <testcase classname="TestCases.Combined" name="Loan_Tenure" time="0.0">
    <skipped/>
  </testcase> <!-- Loan_Tenure -->
  <testcase classname="TestCases.Combined" name="Months_details" time="0.0">
    <skipped/>
  </testcase> <!-- Months_details -->
  <testcase classname="TestCases.Combined" name="output" time="0.0">
    <skipped/>
  </testcase> <!-- output -->
  <testcase classname="TestCases.Combined" name="menu" time="0.0">
    <skipped/>
  </testcase> <!-- menu -->
  <testcase classname="TestCases.Combined" name="Home_Loan" time="0.0">
    <skipped/>
  </testcase> <!-- Home_Loan -->
  <testcase classname="TestCases.Combined" name="Home_Loan_Value" time="0.0">
    <skipped/>
  </testcase> <!-- Home_Loan_Value -->
  <testcase classname="TestCases.Combined" name="Year_Wise_Print" time="0.0">
    <skipped/>
  </testcase> <!-- Year_Wise_Print -->
  <testcase classname="TestCases.Combined" name="Writing_Excel" time="0.0">
    <skipped/>
  </testcase> <!-- Writing_Excel -->
  <testcase classname="TestCases.Combined" name="Menu_" time="0.0">
    <skipped/>
  </testcase> <!-- Menu_ -->
  <testcase classname="TestCases.Combined" name="LoancalculatorClick" time="0.0">
    <skipped/>
  </testcase> <!-- LoancalculatorClick -->
  <testcase classname="TestCases.Combined" name="EMICalculatorTextValidating" time="0.0">
    <skipped/>
  </testcase> <!-- EMICalculatorTextValidating -->
  <testcase classname="TestCases.Combined" name="EMICalculatorTextBoxValidating" time="0.0">
    <skipped/>
  </testcase> <!-- EMICalculatorTextBoxValidating -->
  <testcase classname="TestCases.Combined" name="YearToMonthCalculation" time="0.0">
    <skipped/>
  </testcase> <!-- YearToMonthCalculation -->
  <testcase classname="TestCases.Combined" name="EMICalculatorSliderValidating" time="0.0">
    <skipped/>
  </testcase> <!-- EMICalculatorSliderValidating -->
  <testcase classname="TestCases.Combined" name="Menu_click" time="0.0">
    <skipped/>
  </testcase> <!-- Menu_click -->
  <testcase classname="TestCases.Combined" name="LoanCalculatorclick" time="0.0">
    <skipped/>
  </testcase> <!-- LoanCalculatorclick -->
  <testcase classname="TestCases.Combined" name="Loan_Amount_Calculator_Click" time="0.0">
    <skipped/>
  </testcase> <!-- Loan_Amount_Calculator_Click -->
  <testcase classname="TestCases.Combined" name="LoanAmountCalculatorTextValidating" time="0.0">
    <skipped/>
  </testcase> <!-- LoanAmountCalculatorTextValidating -->
  <testcase classname="TestCases.Combined" name="LoanAmountCalculatorTextBoxValidating" time="0.0">
    <skipped/>
  </testcase> <!-- LoanAmountCalculatorTextBoxValidating -->
  <testcase classname="TestCases.Combined" name="LoanamountYearToMonth" time="0.0">
    <skipped/>
  </testcase> <!-- LoanamountYearToMonth -->
  <testcase classname="TestCases.Combined" name="LoanAmountCalculatorSliderValidating" time="0.0">
    <skipped/>
  </testcase> <!-- LoanAmountCalculatorSliderValidating -->
  <testcase classname="TestCases.Combined" name="Menu" time="0.0">
    <skipped/>
  </testcase> <!-- Menu -->
  <testcase classname="TestCases.Combined" name="LoanCalculatorClick" time="0.0">
    <skipped/>
  </testcase> <!-- LoanCalculatorClick -->
  <testcase classname="TestCases.Combined" name="Loan_Tenure_Calculator_Click" time="0.0">
    <skipped/>
  </testcase> <!-- Loan_Tenure_Calculator_Click -->
  <testcase classname="TestCases.Combined" name="Loan_Tenure_Calculator_TextValidation" time="0.0">
    <skipped/>
  </testcase> <!-- Loan_Tenure_Calculator_TextValidation -->
  <testcase classname="TestCases.Combined" name="Loan_Tenure_Calculator_TextBox_Validation" time="0.0">
    <skipped/>
  </testcase> <!-- Loan_Tenure_Calculator_TextBox_Validation -->
  <testcase classname="TestCases.Combined" name="Loan_Tenure_Calculator_Slider_Validation" time="0.0">
    <skipped/>
  </testcase> <!-- Loan_Tenure_Calculator_Slider_Validation -->
</testsuite> <!-- chromeTest -->
