<?xml version="1.0" encoding="UTF-8"?>
<!-- Generated by org.testng.reporters.JUnitXMLReporter -->
<testsuite ignored="0" hostname="LTIN274679" failures="0" tests="30" name="Test(failed)" time="206.3" errors="0" timestamp="2024-03-06T13:15:33 IST">
  <testcase classname="TestCases.TC_003_EMICalculatorValidation" name="Menu" time="1.726"/>
  <testcase classname="TestCases.TC_003_EMICalculatorValidation" name="LoanCalculatorClick" time="1.043"/>
  <testcase classname="TestCases.TC_003_EMICalculatorValidation" name="EMICalculatorTextValidating" time="0.532"/>
  <testcase classname="TestCases.TC_003_EMICalculatorValidation" name="EMICalculatorTextBoxValidating" time="0.233"/>
  <testcase classname="TestCases.TC_003_EMICalculatorValidation" name="YearToMonthCalculation" time="0.222"/>
  <testcase classname="TestCases.TC_003_EMICalculatorValidation" name="EMICalculatorSliderValidating" time="3.092"/>
  <testcase classname="TestCases.TC_001_CarLoan" name="Car_Loan" time="0.276"/>
  <testcase classname="TestCases.TC_001_CarLoan" name="Principal" time="2.263"/>
  <testcase classname="TestCases.TC_001_CarLoan" name="Interest" time="0.629"/>
  <testcase classname="TestCases.TC_001_CarLoan" name="Loan_Tenure" time="0.785"/>
  <testcase classname="TestCases.TC_001_CarLoan" name="Months_details" time="0.326"/>
  <testcase classname="TestCases.TC_001_CarLoan" name="output" time="0.16"/>
  <testcase classname="TestCases.TC_005_LoanTenureCalculatorUIVAlidation" name="Menu" time="0.269"/>
  <testcase classname="TestCases.TC_005_LoanTenureCalculatorUIVAlidation" name="LoanCalculatorClick" time="1.624"/>
  <testcase classname="TestCases.TC_005_LoanTenureCalculatorUIVAlidation" name="Loan_Tenure_Calculator_Click" time="0.963"/>
  <testcase classname="TestCases.TC_005_LoanTenureCalculatorUIVAlidation" name="Loan_Tenure_Calculator_TextValidation" time="0.493"/>
  <testcase classname="TestCases.TC_005_LoanTenureCalculatorUIVAlidation" name="Loan_Tenure_Calculator_TextBox_Validation" time="0.294"/>
  <testcase classname="TestCases.TC_005_LoanTenureCalculatorUIVAlidation" name="Loan_Tenure_Calculator_Slider_Validation" time="2.949"/>
  <testcase classname="TestCases.TC_002_Homeloan" name="Menu" time="0.28"/>
  <testcase classname="TestCases.TC_002_Homeloan" name="Home_Loan" time="1.441"/>
  <testcase classname="TestCases.TC_002_Homeloan" name="Home_Loan_Value" time="8.127"/>
  <testcase classname="TestCases.TC_002_Homeloan" name="Year_Wise_Print" time="1.079"/>
  <testcase classname="TestCases.TC_002_Homeloan" name="Writing_Excel" time="14.806"/>
  <testcase classname="TestCases.TC_004_LoanAmountUIValidation" name="Menu" time="0.519"/>
  <testcase classname="TestCases.TC_004_LoanAmountUIValidation" name="LoanCalculatorClick" time="3.941"/>
  <testcase classname="TestCases.TC_004_LoanAmountUIValidation" name="Loan_Amount_Calculator_Click" time="16.36"/>
  <testcase classname="TestCases.TC_004_LoanAmountUIValidation" name="LoanAmountCalculatorTextValidating" time="0.398"/>
  <testcase classname="TestCases.TC_004_LoanAmountUIValidation" name="LoanAmountCalculatorTextBoxValidating" time="0.284"/>
  <testcase classname="TestCases.TC_004_LoanAmountUIValidation" name="LoanamountYearToMonth" time="0.241"/>
  <testcase classname="TestCases.TC_004_LoanAmountUIValidation" name="LoanAmountCalculatorSliderValidating" time="3.237"/>
</testsuite> <!-- Test(failed) -->
